C:\Program Files (x86)\Microsoft Visual Studio\2017\Community\Common7\IDE\VC\VCTargets\Microsoft.CppBuild.targets(387,5): warning MSB8028: The intermediate directory (obj\x32\Debug\App_PhysicsServerTCP\) contains files shared from another project (App_PhysicsServerTCP.vcxproj).  This can lead to incorrect clean and rebuild behavior.
  IKTrajectoryHelper.cpp
  PhysicsServerCommandProcessor.cpp
  b3PluginManager.cpp
  PhysicsDirect.cpp
..\..\examples\SharedMemory\b3PluginManager.cpp : fatal error C1052: program database file, 'D:\bsc-live-coding\Libraries\bullet3-2.87\bin\App_PhysicsServerTCP_vs2010_debug.pdb', was generated by the linker with /DEBUG:fastlink; compiler cannot update such PDB files; please delete it or use /Fd to specify a different PDB filename
  PhysicsClient.cpp
..\..\examples\SharedMemory\PhysicsServerCommandProcessor.cpp : fatal error C1052: program database file, 'D:\bsc-live-coding\Libraries\bullet3-2.87\bin\App_PhysicsServerTCP_vs2010_debug.pdb', was generated by the linker with /DEBUG:fastlink; compiler cannot update such PDB files; please delete it or use /Fd to specify a different PDB filename
..\..\examples\SharedMemory\PhysicsDirect.cpp : fatal error C1052: program database file, 'D:\bsc-live-coding\Libraries\bullet3-2.87\bin\App_PhysicsServerTCP_vs2010_debug.pdb', was generated by the linker with /DEBUG:fastlink; compiler cannot update such PDB files; please delete it or use /Fd to specify a different PDB filename
..\..\examples\SharedMemory\IKTrajectoryHelper.cpp : fatal error C1052: program database file, 'D:\bsc-live-coding\Libraries\bullet3-2.87\bin\App_PhysicsServerTCP_vs2010_debug.pdb', was generated by the linker with /DEBUG:fastlink; compiler cannot update such PDB files; please delete it or use /Fd to specify a different PDB filename
  TinyRendererVisualShapeConverter.cpp
  geometry.cpp
  model.cpp
..\..\examples\SharedMemory\PhysicsClient.cpp : fatal error C1052: program database file, 'D:\bsc-live-coding\Libraries\bullet3-2.87\bin\App_PhysicsServerTCP_vs2010_debug.pdb', was generated by the linker with /DEBUG:fastlink; compiler cannot update such PDB files; please delete it or use /Fd to specify a different PDB filename
..\..\examples\SharedMemory\TinyRendererVisualShapeConverter.cpp : fatal error C1052: program database file, 'D:\bsc-live-coding\Libraries\bullet3-2.87\bin\App_PhysicsServerTCP_vs2010_debug.pdb', was generated by the linker with /DEBUG:fastlink; compiler cannot update such PDB files; please delete it or use /Fd to specify a different PDB filename
  tgaimage.cpp
..\..\examples\TinyRenderer\geometry.cpp : fatal error C1052: program database file, 'D:\bsc-live-coding\Libraries\bullet3-2.87\bin\App_PhysicsServerTCP_vs2010_debug.pdb', was generated by the linker with /DEBUG:fastlink; compiler cannot update such PDB files; please delete it or use /Fd to specify a different PDB filename
  our_gl.cpp
  TinyRenderer.cpp
..\..\examples\TinyRenderer\model.cpp : fatal error C1052: program database file, 'D:\bsc-live-coding\Libraries\bullet3-2.87\bin\App_PhysicsServerTCP_vs2010_debug.pdb', was generated by the linker with /DEBUG:fastlink; compiler cannot update such PDB files; please delete it or use /Fd to specify a different PDB filename
  SimpleCamera.cpp
..\..\examples\TinyRenderer\tgaimage.cpp : fatal error C1052: program database file, 'D:\bsc-live-coding\Libraries\bullet3-2.87\bin\App_PhysicsServerTCP_vs2010_debug.pdb', was generated by the linker with /DEBUG:fastlink; compiler cannot update such PDB files; please delete it or use /Fd to specify a different PDB filename
  MyMultiBodyCreator.cpp
..\..\examples\TinyRenderer\our_gl.cpp : fatal error C1052: program database file, 'D:\bsc-live-coding\Libraries\bullet3-2.87\bin\App_PhysicsServerTCP_vs2010_debug.pdb', was generated by the linker with /DEBUG:fastlink; compiler cannot update such PDB files; please delete it or use /Fd to specify a different PDB filename
  BulletMJCFImporter.cpp
..\..\examples\TinyRenderer\TinyRenderer.cpp : fatal error C1052: program database file, 'D:\bsc-live-coding\Libraries\bullet3-2.87\bin\App_PhysicsServerTCP_vs2010_debug.pdb', was generated by the linker with /DEBUG:fastlink; compiler cannot update such PDB files; please delete it or use /Fd to specify a different PDB filename
..\..\examples\OpenGLWindow\SimpleCamera.cpp : fatal error C1052: program database file, 'D:\bsc-live-coding\Libraries\bullet3-2.87\bin\App_PhysicsServerTCP_vs2010_debug.pdb', was generated by the linker with /DEBUG:fastlink; compiler cannot update such PDB files; please delete it or use /Fd to specify a different PDB filename
  BulletUrdfImporter.cpp
  UrdfParser.cpp
..\..\examples\Importers\ImportURDFDemo\MyMultiBodyCreator.cpp : fatal error C1052: program database file, 'D:\bsc-live-coding\Libraries\bullet3-2.87\bin\App_PhysicsServerTCP_vs2010_debug.pdb', was generated by the linker with /DEBUG:fastlink; compiler cannot update such PDB files; please delete it or use /Fd to specify a different PDB filename
..\..\examples\Importers\ImportMJCFDemo\BulletMJCFImporter.cpp : fatal error C1052: program database file, 'D:\bsc-live-coding\Libraries\bullet3-2.87\bin\App_PhysicsServerTCP_vs2010_debug.pdb', was generated by the linker with /DEBUG:fastlink; compiler cannot update such PDB files; please delete it or use /Fd to specify a different PDB filename
  urdfStringSplit.cpp
  URDF2Bullet.cpp
..\..\examples\Importers\ImportURDFDemo\BulletUrdfImporter.cpp : fatal error C1052: program database file, 'D:\bsc-live-coding\Libraries\bullet3-2.87\bin\App_PhysicsServerTCP_vs2010_debug.pdb', was generated by the linker with /DEBUG:fastlink; compiler cannot update such PDB files; please delete it or use /Fd to specify a different PDB filename
..\..\examples\Importers\ImportURDFDemo\UrdfParser.cpp : fatal error C1052: program database file, 'D:\bsc-live-coding\Libraries\bullet3-2.87\bin\App_PhysicsServerTCP_vs2010_debug.pdb', was generated by the linker with /DEBUG:fastlink; compiler cannot update such PDB files; please delete it or use /Fd to specify a different PDB filename
  b3ResourcePath.cpp
..\..\examples\Importers\ImportURDFDemo\urdfStringSplit.cpp : fatal error C1052: program database file, 'D:\bsc-live-coding\Libraries\bullet3-2.87\bin\App_PhysicsServerTCP_vs2010_debug.pdb', was generated by the linker with /DEBUG:fastlink; compiler cannot update such PDB files; please delete it or use /Fd to specify a different PDB filename
  b3Clock.cpp
..\..\examples\Importers\ImportURDFDemo\URDF2Bullet.cpp : fatal error C1052: program database file, 'D:\bsc-live-coding\Libraries\bullet3-2.87\bin\App_PhysicsServerTCP_vs2010_debug.pdb', was generated by the linker with /DEBUG:fastlink; compiler cannot update such PDB files; please delete it or use /Fd to specify a different PDB filename
  ChromeTraceUtil.cpp
..\..\examples\Utils\b3ResourcePath.cpp : fatal error C1052: program database file, 'D:\bsc-live-coding\Libraries\bullet3-2.87\bin\App_PhysicsServerTCP_vs2010_debug.pdb', was generated by the linker with /DEBUG:fastlink; compiler cannot update such PDB files; please delete it or use /Fd to specify a different PDB filename
  RobotLoggingUtil.cpp
..\..\examples\Utils\b3Clock.cpp : fatal error C1052: program database file, 'D:\bsc-live-coding\Libraries\bullet3-2.87\bin\App_PhysicsServerTCP_vs2010_debug.pdb', was generated by the linker with /DEBUG:fastlink; compiler cannot update such PDB files; please delete it or use /Fd to specify a different PDB filename
  btBulletWorldImporter.cpp
..\..\examples\Utils\ChromeTraceUtil.cpp : fatal error C1052: program database file, 'D:\bsc-live-coding\Libraries\bullet3-2.87\bin\App_PhysicsServerTCP_vs2010_debug.pdb', was generated by the linker with /DEBUG:fastlink; compiler cannot update such PDB files; please delete it or use /Fd to specify a different PDB filename
  btWorldImporter.cpp
  bChunk.cpp
..\..\examples\Utils\RobotLoggingUtil.cpp : fatal error C1052: program database file, 'D:\bsc-live-coding\Libraries\bullet3-2.87\bin\App_PhysicsServerTCP_vs2010_debug.pdb', was generated by the linker with /DEBUG:fastlink; compiler cannot update such PDB files; please delete it or use /Fd to specify a different PDB filename
  bDNA.cpp
..\..\Extras\Serialize\BulletWorldImporter\btBulletWorldImporter.cpp : fatal error C1052: program database file, 'D:\bsc-live-coding\Libraries\bullet3-2.87\bin\App_PhysicsServerTCP_vs2010_debug.pdb', was generated by the linker with /DEBUG:fastlink; compiler cannot update such PDB files; please delete it or use /Fd to specify a different PDB filename
..\..\Extras\Serialize\BulletFileLoader\bChunk.cpp : fatal error C1052: program database file, 'D:\bsc-live-coding\Libraries\bullet3-2.87\bin\App_PhysicsServerTCP_vs2010_debug.pdb', was generated by the linker with /DEBUG:fastlink; compiler cannot update such PDB files; please delete it or use /Fd to specify a different PDB filename
..\..\Extras\Serialize\BulletWorldImporter\btWorldImporter.cpp : fatal error C1052: program database file, 'D:\bsc-live-coding\Libraries\bullet3-2.87\bin\App_PhysicsServerTCP_vs2010_debug.pdb', was generated by the linker with /DEBUG:fastlink; compiler cannot update such PDB files; please delete it or use /Fd to specify a different PDB filename
  bFile.cpp
  btBulletFile.cpp
  Wavefront2GLInstanceGraphicsShape.cpp
..\..\Extras\Serialize\BulletFileLoader\bFile.cpp : fatal error C1052: program database file, 'D:\bsc-live-coding\Libraries\bullet3-2.87\bin\App_PhysicsServerTCP_vs2010_debug.pdb', was generated by the linker with /DEBUG:fastlink; compiler cannot update such PDB files; please delete it or use /Fd to specify a different PDB filename
  LoadMeshFromObj.cpp
..\..\Extras\Serialize\BulletFileLoader\btBulletFile.cpp : fatal error C1052: program database file, 'D:\bsc-live-coding\Libraries\bullet3-2.87\bin\App_PhysicsServerTCP_vs2010_debug.pdb', was generated by the linker with /DEBUG:fastlink; compiler cannot update such PDB files; please delete it or use /Fd to specify a different PDB filename
  LoadMeshFromCollada.cpp
..\..\examples\Importers\ImportObjDemo\Wavefront2GLInstanceGraphicsShape.cpp : fatal error C1052: program database file, 'D:\bsc-live-coding\Libraries\bullet3-2.87\bin\App_PhysicsServerTCP_vs2010_debug.pdb', was generated by the linker with /DEBUG:fastlink; compiler cannot update such PDB files; please delete it or use /Fd to specify a different PDB filename
  tiny_obj_loader.cpp
..\..\Extras\Serialize\BulletFileLoader\bDNA.cpp : fatal error C1052: program database file, 'D:\bsc-live-coding\Libraries\bullet3-2.87\bin\App_PhysicsServerTCP_vs2010_debug.pdb', was generated by the linker with /DEBUG:fastlink; compiler cannot update such PDB files; please delete it or use /Fd to specify a different PDB filename
  tinystr.cpp
..\..\examples\Importers\ImportObjDemo\LoadMeshFromObj.cpp : fatal error C1052: program database file, 'D:\bsc-live-coding\Libraries\bullet3-2.87\bin\App_PhysicsServerTCP_vs2010_debug.pdb', was generated by the linker with /DEBUG:fastlink; compiler cannot update such PDB files; please delete it or use /Fd to specify a different PDB filename
  tinyxml.cpp
..\..\examples\Importers\ImportColladaDemo\LoadMeshFromCollada.cpp : fatal error C1052: program database file, 'D:\bsc-live-coding\Libraries\bullet3-2.87\bin\App_PhysicsServerTCP_vs2010_debug.pdb', was generated by the linker with /DEBUG:fastlink; compiler cannot update such PDB files; please delete it or use /Fd to specify a different PDB filename
  tinyxmlerror.cpp
..\..\examples\ThirdPartyLibs\Wavefront\tiny_obj_loader.cpp : fatal error C1052: program database file, 'D:\bsc-live-coding\Libraries\bullet3-2.87\bin\App_PhysicsServerTCP_vs2010_debug.pdb', was generated by the linker with /DEBUG:fastlink; compiler cannot update such PDB files; please delete it or use /Fd to specify a different PDB filename
  tinyxmlparser.cpp
..\..\examples\ThirdPartyLibs\tinyxml\tinystr.cpp : fatal error C1052: program database file, 'D:\bsc-live-coding\Libraries\bullet3-2.87\bin\App_PhysicsServerTCP_vs2010_debug.pdb', was generated by the linker with /DEBUG:fastlink; compiler cannot update such PDB files; please delete it or use /Fd to specify a different PDB filename
  b3ImportMeshUtility.cpp
..\..\examples\ThirdPartyLibs\tinyxml\tinyxml.cpp : fatal error C1052: program database file, 'D:\bsc-live-coding\Libraries\bullet3-2.87\bin\App_PhysicsServerTCP_vs2010_debug.pdb', was generated by the linker with /DEBUG:fastlink; compiler cannot update such PDB files; please delete it or use /Fd to specify a different PDB filename
  stb_image.cpp
..\..\examples\ThirdPartyLibs\tinyxml\tinyxmlerror.cpp : fatal error C1052: program database file, 'D:\bsc-live-coding\Libraries\bullet3-2.87\bin\App_PhysicsServerTCP_vs2010_debug.pdb', was generated by the linker with /DEBUG:fastlink; compiler cannot update such PDB files; please delete it or use /Fd to specify a different PDB filename
  main.cpp
..\..\examples\ThirdPartyLibs\tinyxml\tinyxmlparser.cpp : fatal error C1052: program database file, 'D:\bsc-live-coding\Libraries\bullet3-2.87\bin\App_PhysicsServerTCP_vs2010_debug.pdb', was generated by the linker with /DEBUG:fastlink; compiler cannot update such PDB files; please delete it or use /Fd to specify a different PDB filename
..\..\examples\Importers\ImportMeshUtility\b3ImportMeshUtility.cpp : fatal error C1052: program database file, 'D:\bsc-live-coding\Libraries\bullet3-2.87\bin\App_PhysicsServerTCP_vs2010_debug.pdb', was generated by the linker with /DEBUG:fastlink; compiler cannot update such PDB files; please delete it or use /Fd to specify a different PDB filename
..\..\examples\ThirdPartyLibs\stb_image\stb_image.cpp : fatal error C1052: program database file, 'D:\bsc-live-coding\Libraries\bullet3-2.87\bin\App_PhysicsServerTCP_vs2010_debug.pdb', was generated by the linker with /DEBUG:fastlink; compiler cannot update such PDB files; please delete it or use /Fd to specify a different PDB filename
..\..\examples\SharedMemory\tcp\main.cpp : fatal error C1052: program database file, 'D:\bsc-live-coding\Libraries\bullet3-2.87\bin\App_PhysicsServerTCP_vs2010_debug.pdb', was generated by the linker with /DEBUG:fastlink; compiler cannot update such PDB files; please delete it or use /Fd to specify a different PDB filename
