C:\Program Files (x86)\Microsoft Visual Studio\2017\Community\Common7\IDE\VC\VCTargets\Microsoft.CppBuild.targets(387,5): warning MSB8028: The intermediate directory (obj\x32\Debug\App_PhysicsServer_SharedMemory\) contains files shared from another project (App_PhysicsServer_SharedMemory.vcxproj).  This can lead to incorrect clean and rebuild behavior.
  IKTrajectoryHelper.cpp
  PhysicsClient.cpp
  PhysicsClientSharedMemory.cpp
  PhysicsClientExample.cpp
..\..\examples\SharedMemory\IKTrajectoryHelper.cpp : fatal error C1052: program database file, 'D:\bsc-live-coding\Libraries\bullet3-2.87\bin\App_PhysicsServer_SharedMemory_vs2010_debug.pdb', was generated by the linker with /DEBUG:fastlink; compiler cannot update such PDB files; please delete it or use /Fd to specify a different PDB filename
  PhysicsServerExample.cpp
..\..\examples\SharedMemory\PhysicsClientSharedMemory.cpp : fatal error C1052: program database file, 'D:\bsc-live-coding\Libraries\bullet3-2.87\bin\App_PhysicsServer_SharedMemory_vs2010_debug.pdb', was generated by the linker with /DEBUG:fastlink; compiler cannot update such PDB files; please delete it or use /Fd to specify a different PDB filename
  PhysicsServerExampleBullet2.cpp
..\..\examples\SharedMemory\PhysicsClientExample.cpp : fatal error C1052: program database file, 'D:\bsc-live-coding\Libraries\bullet3-2.87\bin\App_PhysicsServer_SharedMemory_vs2010_debug.pdb', was generated by the linker with /DEBUG:fastlink; compiler cannot update such PDB files; please delete it or use /Fd to specify a different PDB filename
  PhysicsServerSharedMemory.cpp
..\..\examples\SharedMemory\PhysicsClient.cpp : fatal error C1052: program database file, 'D:\bsc-live-coding\Libraries\bullet3-2.87\bin\App_PhysicsServer_SharedMemory_vs2010_debug.pdb', was generated by the linker with /DEBUG:fastlink; compiler cannot update such PDB files; please delete it or use /Fd to specify a different PDB filename
  PhysicsServer.cpp
..\..\examples\SharedMemory\PhysicsServerExample.cpp : fatal error C1052: program database file, 'D:\bsc-live-coding\Libraries\bullet3-2.87\bin\App_PhysicsServer_SharedMemory_vs2010_debug.pdb', was generated by the linker with /DEBUG:fastlink; compiler cannot update such PDB files; please delete it or use /Fd to specify a different PDB filename
  PhysicsClientC_API.cpp
..\..\examples\SharedMemory\PhysicsServerExampleBullet2.cpp : fatal error C1052: program database file, 'D:\bsc-live-coding\Libraries\bullet3-2.87\bin\App_PhysicsServer_SharedMemory_vs2010_debug.pdb', was generated by the linker with /DEBUG:fastlink; compiler cannot update such PDB files; please delete it or use /Fd to specify a different PDB filename
  PosixSharedMemory.cpp
..\..\examples\SharedMemory\PhysicsServerSharedMemory.cpp : fatal error C1052: program database file, 'D:\bsc-live-coding\Libraries\bullet3-2.87\bin\App_PhysicsServer_SharedMemory_vs2010_debug.pdb', was generated by the linker with /DEBUG:fastlink; compiler cannot update such PDB files; please delete it or use /Fd to specify a different PDB filename
  Win32SharedMemory.cpp
..\..\examples\SharedMemory\PhysicsServer.cpp : fatal error C1052: program database file, 'D:\bsc-live-coding\Libraries\bullet3-2.87\bin\App_PhysicsServer_SharedMemory_vs2010_debug.pdb', was generated by the linker with /DEBUG:fastlink; compiler cannot update such PDB files; please delete it or use /Fd to specify a different PDB filename
  InProcessMemory.cpp
..\..\examples\SharedMemory\PhysicsClientC_API.cpp : fatal error C1052: program database file, 'D:\bsc-live-coding\Libraries\bullet3-2.87\bin\App_PhysicsServer_SharedMemory_vs2010_debug.pdb', was generated by the linker with /DEBUG:fastlink; compiler cannot update such PDB files; please delete it or use /Fd to specify a different PDB filename
  PhysicsDirect.cpp
..\..\examples\SharedMemory\PosixSharedMemory.cpp : fatal error C1052: program database file, 'D:\bsc-live-coding\Libraries\bullet3-2.87\bin\App_PhysicsServer_SharedMemory_vs2010_debug.pdb', was generated by the linker with /DEBUG:fastlink; compiler cannot update such PDB files; please delete it or use /Fd to specify a different PDB filename
  PhysicsDirectC_API.cpp
..\..\examples\SharedMemory\Win32SharedMemory.cpp : fatal error C1052: program database file, 'D:\bsc-live-coding\Libraries\bullet3-2.87\bin\App_PhysicsServer_SharedMemory_vs2010_debug.pdb', was generated by the linker with /DEBUG:fastlink; compiler cannot update such PDB files; please delete it or use /Fd to specify a different PDB filename
  PhysicsLoopBack.cpp
..\..\examples\SharedMemory\InProcessMemory.cpp : fatal error C1052: program database file, 'D:\bsc-live-coding\Libraries\bullet3-2.87\bin\App_PhysicsServer_SharedMemory_vs2010_debug.pdb', was generated by the linker with /DEBUG:fastlink; compiler cannot update such PDB files; please delete it or use /Fd to specify a different PDB filename
  PhysicsLoopBackC_API.cpp
..\..\examples\SharedMemory\PhysicsDirect.cpp : fatal error C1052: program database file, 'D:\bsc-live-coding\Libraries\bullet3-2.87\bin\App_PhysicsServer_SharedMemory_vs2010_debug.pdb', was generated by the linker with /DEBUG:fastlink; compiler cannot update such PDB files; please delete it or use /Fd to specify a different PDB filename
  PhysicsClientSharedMemory_C_API.cpp
..\..\examples\SharedMemory\PhysicsDirectC_API.cpp : fatal error C1052: program database file, 'D:\bsc-live-coding\Libraries\bullet3-2.87\bin\App_PhysicsServer_SharedMemory_vs2010_debug.pdb', was generated by the linker with /DEBUG:fastlink; compiler cannot update such PDB files; please delete it or use /Fd to specify a different PDB filename
  PhysicsClientSharedMemory2_C_API.cpp
..\..\examples\SharedMemory\PhysicsLoopBack.cpp : fatal error C1052: program database file, 'D:\bsc-live-coding\Libraries\bullet3-2.87\bin\App_PhysicsServer_SharedMemory_vs2010_debug.pdb', was generated by the linker with /DEBUG:fastlink; compiler cannot update such PDB files; please delete it or use /Fd to specify a different PDB filename
  PhysicsClientSharedMemory2.cpp
..\..\examples\SharedMemory\PhysicsLoopBackC_API.cpp : fatal error C1052: program database file, 'D:\bsc-live-coding\Libraries\bullet3-2.87\bin\App_PhysicsServer_SharedMemory_vs2010_debug.pdb', was generated by the linker with /DEBUG:fastlink; compiler cannot update such PDB files; please delete it or use /Fd to specify a different PDB filename
  SharedMemoryCommandProcessor.cpp
..\..\examples\SharedMemory\PhysicsClientSharedMemory_C_API.cpp : fatal error C1052: program database file, 'D:\bsc-live-coding\Libraries\bullet3-2.87\bin\App_PhysicsServer_SharedMemory_vs2010_debug.pdb', was generated by the linker with /DEBUG:fastlink; compiler cannot update such PDB files; please delete it or use /Fd to specify a different PDB filename
  PhysicsServerCommandProcessor.cpp
..\..\examples\SharedMemory\PhysicsClientSharedMemory2_C_API.cpp : fatal error C1052: program database file, 'D:\bsc-live-coding\Libraries\bullet3-2.87\bin\App_PhysicsServer_SharedMemory_vs2010_debug.pdb', was generated by the linker with /DEBUG:fastlink; compiler cannot update such PDB files; please delete it or use /Fd to specify a different PDB filename
  b3PluginManager.cpp
..\..\examples\SharedMemory\PhysicsClientSharedMemory2.cpp : fatal error C1052: program database file, 'D:\bsc-live-coding\Libraries\bullet3-2.87\bin\App_PhysicsServer_SharedMemory_vs2010_debug.pdb', was generated by the linker with /DEBUG:fastlink; compiler cannot update such PDB files; please delete it or use /Fd to specify a different PDB filename
  TinyRendererVisualShapeConverter.cpp
..\..\examples\SharedMemory\SharedMemoryCommandProcessor.cpp : fatal error C1052: program database file, 'D:\bsc-live-coding\Libraries\bullet3-2.87\bin\App_PhysicsServer_SharedMemory_vs2010_debug.pdb', was generated by the linker with /DEBUG:fastlink; compiler cannot update such PDB files; please delete it or use /Fd to specify a different PDB filename
  geometry.cpp
..\..\examples\SharedMemory\PhysicsServerCommandProcessor.cpp : fatal error C1052: program database file, 'D:\bsc-live-coding\Libraries\bullet3-2.87\bin\App_PhysicsServer_SharedMemory_vs2010_debug.pdb', was generated by the linker with /DEBUG:fastlink; compiler cannot update such PDB files; please delete it or use /Fd to specify a different PDB filename
  model.cpp
..\..\examples\SharedMemory\b3PluginManager.cpp : fatal error C1052: program database file, 'D:\bsc-live-coding\Libraries\bullet3-2.87\bin\App_PhysicsServer_SharedMemory_vs2010_debug.pdb', was generated by the linker with /DEBUG:fastlink; compiler cannot update such PDB files; please delete it or use /Fd to specify a different PDB filename
  tgaimage.cpp
..\..\examples\SharedMemory\TinyRendererVisualShapeConverter.cpp : fatal error C1052: program database file, 'D:\bsc-live-coding\Libraries\bullet3-2.87\bin\App_PhysicsServer_SharedMemory_vs2010_debug.pdb', was generated by the linker with /DEBUG:fastlink; compiler cannot update such PDB files; please delete it or use /Fd to specify a different PDB filename
  our_gl.cpp
..\..\examples\TinyRenderer\geometry.cpp : fatal error C1052: program database file, 'D:\bsc-live-coding\Libraries\bullet3-2.87\bin\App_PhysicsServer_SharedMemory_vs2010_debug.pdb', was generated by the linker with /DEBUG:fastlink; compiler cannot update such PDB files; please delete it or use /Fd to specify a different PDB filename
  TinyRenderer.cpp
..\..\examples\TinyRenderer\model.cpp : fatal error C1052: program database file, 'D:\bsc-live-coding\Libraries\bullet3-2.87\bin\App_PhysicsServer_SharedMemory_vs2010_debug.pdb', was generated by the linker with /DEBUG:fastlink; compiler cannot update such PDB files; please delete it or use /Fd to specify a different PDB filename
  SimpleCamera.cpp
..\..\examples\TinyRenderer\tgaimage.cpp : fatal error C1052: program database file, 'D:\bsc-live-coding\Libraries\bullet3-2.87\bin\App_PhysicsServer_SharedMemory_vs2010_debug.pdb', was generated by the linker with /DEBUG:fastlink; compiler cannot update such PDB files; please delete it or use /Fd to specify a different PDB filename
  MyMultiBodyCreator.cpp
..\..\examples\TinyRenderer\our_gl.cpp : fatal error C1052: program database file, 'D:\bsc-live-coding\Libraries\bullet3-2.87\bin\App_PhysicsServer_SharedMemory_vs2010_debug.pdb', was generated by the linker with /DEBUG:fastlink; compiler cannot update such PDB files; please delete it or use /Fd to specify a different PDB filename
  BulletUrdfImporter.cpp
..\..\examples\TinyRenderer\TinyRenderer.cpp : fatal error C1052: program database file, 'D:\bsc-live-coding\Libraries\bullet3-2.87\bin\App_PhysicsServer_SharedMemory_vs2010_debug.pdb', was generated by the linker with /DEBUG:fastlink; compiler cannot update such PDB files; please delete it or use /Fd to specify a different PDB filename
  UrdfParser.cpp
..\..\examples\OpenGLWindow\SimpleCamera.cpp : fatal error C1052: program database file, 'D:\bsc-live-coding\Libraries\bullet3-2.87\bin\App_PhysicsServer_SharedMemory_vs2010_debug.pdb', was generated by the linker with /DEBUG:fastlink; compiler cannot update such PDB files; please delete it or use /Fd to specify a different PDB filename
  urdfStringSplit.cpp
..\..\examples\Importers\ImportURDFDemo\MyMultiBodyCreator.cpp : fatal error C1052: program database file, 'D:\bsc-live-coding\Libraries\bullet3-2.87\bin\App_PhysicsServer_SharedMemory_vs2010_debug.pdb', was generated by the linker with /DEBUG:fastlink; compiler cannot update such PDB files; please delete it or use /Fd to specify a different PDB filename
  URDF2Bullet.cpp
..\..\examples\Importers\ImportURDFDemo\BulletUrdfImporter.cpp : fatal error C1052: program database file, 'D:\bsc-live-coding\Libraries\bullet3-2.87\bin\App_PhysicsServer_SharedMemory_vs2010_debug.pdb', was generated by the linker with /DEBUG:fastlink; compiler cannot update such PDB files; please delete it or use /Fd to specify a different PDB filename
  BulletMJCFImporter.cpp
..\..\examples\Importers\ImportURDFDemo\UrdfParser.cpp : fatal error C1052: program database file, 'D:\bsc-live-coding\Libraries\bullet3-2.87\bin\App_PhysicsServer_SharedMemory_vs2010_debug.pdb', was generated by the linker with /DEBUG:fastlink; compiler cannot update such PDB files; please delete it or use /Fd to specify a different PDB filename
  b3ResourcePath.cpp
..\..\examples\Importers\ImportURDFDemo\urdfStringSplit.cpp : fatal error C1052: program database file, 'D:\bsc-live-coding\Libraries\bullet3-2.87\bin\App_PhysicsServer_SharedMemory_vs2010_debug.pdb', was generated by the linker with /DEBUG:fastlink; compiler cannot update such PDB files; please delete it or use /Fd to specify a different PDB filename
  b3Clock.cpp
..\..\examples\Importers\ImportURDFDemo\URDF2Bullet.cpp : fatal error C1052: program database file, 'D:\bsc-live-coding\Libraries\bullet3-2.87\bin\App_PhysicsServer_SharedMemory_vs2010_debug.pdb', was generated by the linker with /DEBUG:fastlink; compiler cannot update such PDB files; please delete it or use /Fd to specify a different PDB filename
..\..\examples\Importers\ImportMJCFDemo\BulletMJCFImporter.cpp : fatal error C1052: program database file, 'D:\bsc-live-coding\Libraries\bullet3-2.87\bin\App_PhysicsServer_SharedMemory_vs2010_debug.pdb', was generated by the linker with /DEBUG:fastlink; compiler cannot update such PDB files; please delete it or use /Fd to specify a different PDB filename
..\..\examples\Utils\b3ResourcePath.cpp : fatal error C1052: program database file, 'D:\bsc-live-coding\Libraries\bullet3-2.87\bin\App_PhysicsServer_SharedMemory_vs2010_debug.pdb', was generated by the linker with /DEBUG:fastlink; compiler cannot update such PDB files; please delete it or use /Fd to specify a different PDB filename
  RobotLoggingUtil.cpp
  ChromeTraceUtil.cpp
  btBulletWorldImporter.cpp
..\..\examples\Utils\b3Clock.cpp : fatal error C1052: program database file, 'D:\bsc-live-coding\Libraries\bullet3-2.87\bin\App_PhysicsServer_SharedMemory_vs2010_debug.pdb', was generated by the linker with /DEBUG:fastlink; compiler cannot update such PDB files; please delete it or use /Fd to specify a different PDB filename
..\..\examples\Utils\ChromeTraceUtil.cpp : fatal error C1052: program database file, 'D:\bsc-live-coding\Libraries\bullet3-2.87\bin\App_PhysicsServer_SharedMemory_vs2010_debug.pdb', was generated by the linker with /DEBUG:fastlink; compiler cannot update such PDB files; please delete it or use /Fd to specify a different PDB filename
  btWorldImporter.cpp
  bChunk.cpp
..\..\examples\Utils\RobotLoggingUtil.cpp : fatal error C1052: program database file, 'D:\bsc-live-coding\Libraries\bullet3-2.87\bin\App_PhysicsServer_SharedMemory_vs2010_debug.pdb', was generated by the linker with /DEBUG:fastlink; compiler cannot update such PDB files; please delete it or use /Fd to specify a different PDB filename
  bDNA.cpp
..\..\Extras\Serialize\BulletWorldImporter\btBulletWorldImporter.cpp : fatal error C1052: program database file, 'D:\bsc-live-coding\Libraries\bullet3-2.87\bin\App_PhysicsServer_SharedMemory_vs2010_debug.pdb', was generated by the linker with /DEBUG:fastlink; compiler cannot update such PDB files; please delete it or use /Fd to specify a different PDB filename
..\..\Extras\Serialize\BulletWorldImporter\btWorldImporter.cpp : fatal error C1052: program database file, 'D:\bsc-live-coding\Libraries\bullet3-2.87\bin\App_PhysicsServer_SharedMemory_vs2010_debug.pdb', was generated by the linker with /DEBUG:fastlink; compiler cannot update such PDB files; please delete it or use /Fd to specify a different PDB filename
  bFile.cpp
  btBulletFile.cpp
..\..\Extras\Serialize\BulletFileLoader\bChunk.cpp : fatal error C1052: program database file, 'D:\bsc-live-coding\Libraries\bullet3-2.87\bin\App_PhysicsServer_SharedMemory_vs2010_debug.pdb', was generated by the linker with /DEBUG:fastlink; compiler cannot update such PDB files; please delete it or use /Fd to specify a different PDB filename
  Wavefront2GLInstanceGraphicsShape.cpp
..\..\Extras\Serialize\BulletFileLoader\bDNA.cpp : fatal error C1052: program database file, 'D:\bsc-live-coding\Libraries\bullet3-2.87\bin\App_PhysicsServer_SharedMemory_vs2010_debug.pdb', was generated by the linker with /DEBUG:fastlink; compiler cannot update such PDB files; please delete it or use /Fd to specify a different PDB filename
..\..\Extras\Serialize\BulletFileLoader\bFile.cpp : fatal error C1052: program database file, 'D:\bsc-live-coding\Libraries\bullet3-2.87\bin\App_PhysicsServer_SharedMemory_vs2010_debug.pdb', was generated by the linker with /DEBUG:fastlink; compiler cannot update such PDB files; please delete it or use /Fd to specify a different PDB filename
  LoadMeshFromObj.cpp
  LoadMeshFromCollada.cpp
..\..\Extras\Serialize\BulletFileLoader\btBulletFile.cpp : fatal error C1052: program database file, 'D:\bsc-live-coding\Libraries\bullet3-2.87\bin\App_PhysicsServer_SharedMemory_vs2010_debug.pdb', was generated by the linker with /DEBUG:fastlink; compiler cannot update such PDB files; please delete it or use /Fd to specify a different PDB filename
..\..\examples\Importers\ImportObjDemo\Wavefront2GLInstanceGraphicsShape.cpp : fatal error C1052: program database file, 'D:\bsc-live-coding\Libraries\bullet3-2.87\bin\App_PhysicsServer_SharedMemory_vs2010_debug.pdb', was generated by the linker with /DEBUG:fastlink; compiler cannot update such PDB files; please delete it or use /Fd to specify a different PDB filename
  tiny_obj_loader.cpp
  tinystr.cpp
..\..\examples\Importers\ImportObjDemo\LoadMeshFromObj.cpp : fatal error C1052: program database file, 'D:\bsc-live-coding\Libraries\bullet3-2.87\bin\App_PhysicsServer_SharedMemory_vs2010_debug.pdb', was generated by the linker with /DEBUG:fastlink; compiler cannot update such PDB files; please delete it or use /Fd to specify a different PDB filename
  tinyxml.cpp
..\..\examples\Importers\ImportColladaDemo\LoadMeshFromCollada.cpp : fatal error C1052: program database file, 'D:\bsc-live-coding\Libraries\bullet3-2.87\bin\App_PhysicsServer_SharedMemory_vs2010_debug.pdb', was generated by the linker with /DEBUG:fastlink; compiler cannot update such PDB files; please delete it or use /Fd to specify a different PDB filename
..\..\examples\ThirdPartyLibs\Wavefront\tiny_obj_loader.cpp : fatal error C1052: program database file, 'D:\bsc-live-coding\Libraries\bullet3-2.87\bin\App_PhysicsServer_SharedMemory_vs2010_debug.pdb', was generated by the linker with /DEBUG:fastlink; compiler cannot update such PDB files; please delete it or use /Fd to specify a different PDB filename
  tinyxmlerror.cpp
  tinyxmlparser.cpp
..\..\examples\ThirdPartyLibs\tinyxml\tinystr.cpp : fatal error C1052: program database file, 'D:\bsc-live-coding\Libraries\bullet3-2.87\bin\App_PhysicsServer_SharedMemory_vs2010_debug.pdb', was generated by the linker with /DEBUG:fastlink; compiler cannot update such PDB files; please delete it or use /Fd to specify a different PDB filename
..\..\examples\ThirdPartyLibs\tinyxml\tinyxml.cpp : fatal error C1052: program database file, 'D:\bsc-live-coding\Libraries\bullet3-2.87\bin\App_PhysicsServer_SharedMemory_vs2010_debug.pdb', was generated by the linker with /DEBUG:fastlink; compiler cannot update such PDB files; please delete it or use /Fd to specify a different PDB filename
  b3ImportMeshUtility.cpp
  stb_image.cpp
..\..\examples\ThirdPartyLibs\tinyxml\tinyxmlerror.cpp : fatal error C1052: program database file, 'D:\bsc-live-coding\Libraries\bullet3-2.87\bin\App_PhysicsServer_SharedMemory_vs2010_debug.pdb', was generated by the linker with /DEBUG:fastlink; compiler cannot update such PDB files; please delete it or use /Fd to specify a different PDB filename
  main.cpp
..\..\examples\ThirdPartyLibs\tinyxml\tinyxmlparser.cpp : fatal error C1052: program database file, 'D:\bsc-live-coding\Libraries\bullet3-2.87\bin\App_PhysicsServer_SharedMemory_vs2010_debug.pdb', was generated by the linker with /DEBUG:fastlink; compiler cannot update such PDB files; please delete it or use /Fd to specify a different PDB filename
..\..\examples\Importers\ImportMeshUtility\b3ImportMeshUtility.cpp : fatal error C1052: program database file, 'D:\bsc-live-coding\Libraries\bullet3-2.87\bin\App_PhysicsServer_SharedMemory_vs2010_debug.pdb', was generated by the linker with /DEBUG:fastlink; compiler cannot update such PDB files; please delete it or use /Fd to specify a different PDB filename
  b3ThreadSupportInterface.cpp
  b3Win32ThreadSupport.cpp
..\..\examples\ThirdPartyLibs\stb_image\stb_image.cpp : fatal error C1052: program database file, 'D:\bsc-live-coding\Libraries\bullet3-2.87\bin\App_PhysicsServer_SharedMemory_vs2010_debug.pdb', was generated by the linker with /DEBUG:fastlink; compiler cannot update such PDB files; please delete it or use /Fd to specify a different PDB filename
..\..\examples\SharedMemory\main.cpp : fatal error C1052: program database file, 'D:\bsc-live-coding\Libraries\bullet3-2.87\bin\App_PhysicsServer_SharedMemory_vs2010_debug.pdb', was generated by the linker with /DEBUG:fastlink; compiler cannot update such PDB files; please delete it or use /Fd to specify a different PDB filename
..\..\examples\MultiThreading\b3ThreadSupportInterface.cpp : fatal error C1052: program database file, 'D:\bsc-live-coding\Libraries\bullet3-2.87\bin\App_PhysicsServer_SharedMemory_vs2010_debug.pdb', was generated by the linker with /DEBUG:fastlink; compiler cannot update such PDB files; please delete it or use /Fd to specify a different PDB filename
..\..\examples\MultiThreading\b3Win32ThreadSupport.cpp : fatal error C1052: program database file, 'D:\bsc-live-coding\Libraries\bullet3-2.87\bin\App_PhysicsServer_SharedMemory_vs2010_debug.pdb', was generated by the linker with /DEBUG:fastlink; compiler cannot update such PDB files; please delete it or use /Fd to specify a different PDB filename
