C:\Program Files (x86)\Microsoft Visual Studio\2017\Community\Common7\IDE\VC\VCTargets\Microsoft.CppBuild.targets(387,5): warning MSB8028: The intermediate directory (obj\x32\Debug\Bullet3OpenCL_clew\) contains files shared from another project (Bullet3OpenCL_clew.vcxproj).  This can lead to incorrect clean and rebuild behavior.
  clew.c
  b3GpuGridBroadphase.cpp
  b3GpuParallelLinearBvh.cpp
  b3GpuParallelLinearBvhBroadphase.cpp
  b3GpuSapBroadphase.cpp
..\..\src\Bullet3OpenCL\BroadphaseCollision\b3GpuGridBroadphase.cpp(283): warning C4018: '<': signed/unsigned mismatch
  b3OpenCLUtils.cpp
  b3ContactCache.cpp
  b3ConvexHullContact.cpp
  b3GjkEpa.cpp
  b3OptimizedBvh.cpp
  b3QuantizedBvh.cpp
  b3StridingMeshInterface.cpp
  b3TriangleCallback.cpp
  b3TriangleIndexVertexArray.cpp
  b3VoronoiSimplexSolver.cpp
  b3BoundSearchCL.cpp
  b3FillCL.cpp
  b3LauncherCL.cpp
..\..\src\Bullet3OpenCL\ParallelPrimitives\b3BoundSearchCL.cpp(112): warning C4018: '<=': signed/unsigned mismatch
..\..\src\Bullet3OpenCL\ParallelPrimitives\b3BoundSearchCL.cpp(113): warning C4018: '<=': signed/unsigned mismatch
  b3PrefixScanCL.cpp
  b3PrefixScanFloat4CL.cpp
  b3RadixSort32CL.cpp
  b3GpuRaycast.cpp
  b3GpuGenericConstraint.cpp
  b3GpuJacobiContactSolver.cpp
  b3GpuNarrowPhase.cpp
..\..\src\Bullet3OpenCL\Raycast\b3GpuRaycast.cpp(314): warning C4018: '>': signed/unsigned mismatch
  b3GpuPgsConstraintSolver.cpp
  b3GpuPgsContactSolver.cpp
  b3GpuRigidBodyPipeline.cpp
  b3Solver.cpp
..\..\src\Bullet3OpenCL\RigidBody\b3GpuRigidBodyPipeline.cpp(68): warning C4316: 'b3GpuRigidBodyPipelineInternalData': object allocated on the heap may not be aligned 16
  Bullet3OpenCL_clew.vcxproj -> D:\bsc-live-coding\Libraries\bullet3-2.87\build3\vs2010\..\..\bin\Bullet3OpenCL_clew_vs2010_debug.lib
