C:\Program Files (x86)\Microsoft Visual Studio\2017\Community\Common7\IDE\VC\VCTargets\Microsoft.CppBuild.targets(387,5): warning MSB8028: The intermediate directory (obj\x32\Debug\App_PhysicsServer_SharedMemory_VR\) contains files shared from another project (App_PhysicsServer_SharedMemory_VR.vcxproj).  This can lead to incorrect clean and rebuild behavior.
  RtMidi.cpp
  IKTrajectoryHelper.cpp
  PhysicsClient.cpp
  PhysicsClientSharedMemory.cpp
..\..\examples\ThirdPartyLibs\midi\RtMidi.cpp : fatal error C1052: program database file, 'D:\bsc-live-coding\Libraries\bullet3-2.87\bin\App_PhysicsServer_SharedMemory_VR_vs2010_debug.pdb', was generated by the linker with /DEBUG:fastlink; compiler cannot update such PDB files; please delete it or use /Fd to specify a different PDB filename
..\..\examples\SharedMemory\IKTrajectoryHelper.cpp : fatal error C1052: program database file, 'D:\bsc-live-coding\Libraries\bullet3-2.87\bin\App_PhysicsServer_SharedMemory_VR_vs2010_debug.pdb', was generated by the linker with /DEBUG:fastlink; compiler cannot update such PDB files; please delete it or use /Fd to specify a different PDB filename
..\..\examples\SharedMemory\PhysicsClient.cpp : fatal error C1052: program database file, 'D:\bsc-live-coding\Libraries\bullet3-2.87\bin\App_PhysicsServer_SharedMemory_VR_vs2010_debug.pdb', was generated by the linker with /DEBUG:fastlink; compiler cannot update such PDB files; please delete it or use /Fd to specify a different PDB filename
  PhysicsClientExample.cpp
  PhysicsServerExample.cpp
  PhysicsServerExampleBullet2.cpp
..\..\examples\SharedMemory\PhysicsClientSharedMemory.cpp : fatal error C1052: program database file, 'D:\bsc-live-coding\Libraries\bullet3-2.87\bin\App_PhysicsServer_SharedMemory_VR_vs2010_debug.pdb', was generated by the linker with /DEBUG:fastlink; compiler cannot update such PDB files; please delete it or use /Fd to specify a different PDB filename
..\..\examples\SharedMemory\PhysicsServerExample.cpp : fatal error C1052: program database file, 'D:\bsc-live-coding\Libraries\bullet3-2.87\bin\App_PhysicsServer_SharedMemory_VR_vs2010_debug.pdb', was generated by the linker with /DEBUG:fastlink; compiler cannot update such PDB files; please delete it or use /Fd to specify a different PDB filename
..\..\examples\SharedMemory\PhysicsClientExample.cpp : fatal error C1052: program database file, 'D:\bsc-live-coding\Libraries\bullet3-2.87\bin\App_PhysicsServer_SharedMemory_VR_vs2010_debug.pdb', was generated by the linker with /DEBUG:fastlink; compiler cannot update such PDB files; please delete it or use /Fd to specify a different PDB filename
  PhysicsServerSharedMemory.cpp
  PhysicsServer.cpp
  PhysicsClientC_API.cpp
..\..\examples\SharedMemory\PhysicsServerExampleBullet2.cpp : fatal error C1052: program database file, 'D:\bsc-live-coding\Libraries\bullet3-2.87\bin\App_PhysicsServer_SharedMemory_VR_vs2010_debug.pdb', was generated by the linker with /DEBUG:fastlink; compiler cannot update such PDB files; please delete it or use /Fd to specify a different PDB filename
..\..\examples\SharedMemory\PhysicsServer.cpp : fatal error C1052: program database file, 'D:\bsc-live-coding\Libraries\bullet3-2.87\bin\App_PhysicsServer_SharedMemory_VR_vs2010_debug.pdb', was generated by the linker with /DEBUG:fastlink; compiler cannot update such PDB files; please delete it or use /Fd to specify a different PDB filename
  PosixSharedMemory.cpp
..\..\examples\SharedMemory\PhysicsServerSharedMemory.cpp : fatal error C1052: program database file, 'D:\bsc-live-coding\Libraries\bullet3-2.87\bin\App_PhysicsServer_SharedMemory_VR_vs2010_debug.pdb', was generated by the linker with /DEBUG:fastlink; compiler cannot update such PDB files; please delete it or use /Fd to specify a different PDB filename
  Win32SharedMemory.cpp
  InProcessMemory.cpp
..\..\examples\SharedMemory\PhysicsClientC_API.cpp : fatal error C1052: program database file, 'D:\bsc-live-coding\Libraries\bullet3-2.87\bin\App_PhysicsServer_SharedMemory_VR_vs2010_debug.pdb', was generated by the linker with /DEBUG:fastlink; compiler cannot update such PDB files; please delete it or use /Fd to specify a different PDB filename
..\..\examples\SharedMemory\PosixSharedMemory.cpp : fatal error C1052: program database file, 'D:\bsc-live-coding\Libraries\bullet3-2.87\bin\App_PhysicsServer_SharedMemory_VR_vs2010_debug.pdb', was generated by the linker with /DEBUG:fastlink; compiler cannot update such PDB files; please delete it or use /Fd to specify a different PDB filename
..\..\examples\SharedMemory\Win32SharedMemory.cpp : fatal error C1052: program database file, 'D:\bsc-live-coding\Libraries\bullet3-2.87\bin\App_PhysicsServer_SharedMemory_VR_vs2010_debug.pdb', was generated by the linker with /DEBUG:fastlink; compiler cannot update such PDB files; please delete it or use /Fd to specify a different PDB filename
  PhysicsDirect.cpp
  PhysicsDirectC_API.cpp
  PhysicsLoopBack.cpp
..\..\examples\SharedMemory\InProcessMemory.cpp : fatal error C1052: program database file, 'D:\bsc-live-coding\Libraries\bullet3-2.87\bin\App_PhysicsServer_SharedMemory_VR_vs2010_debug.pdb', was generated by the linker with /DEBUG:fastlink; compiler cannot update such PDB files; please delete it or use /Fd to specify a different PDB filename
..\..\examples\SharedMemory\PhysicsDirect.cpp : fatal error C1052: program database file, 'D:\bsc-live-coding\Libraries\bullet3-2.87\bin\App_PhysicsServer_SharedMemory_VR_vs2010_debug.pdb', was generated by the linker with /DEBUG:fastlink; compiler cannot update such PDB files; please delete it or use /Fd to specify a different PDB filename
..\..\examples\SharedMemory\PhysicsLoopBack.cpp : fatal error C1052: program database file, 'D:\bsc-live-coding\Libraries\bullet3-2.87\bin\App_PhysicsServer_SharedMemory_VR_vs2010_debug.pdb', was generated by the linker with /DEBUG:fastlink; compiler cannot update such PDB files; please delete it or use /Fd to specify a different PDB filename
  PhysicsLoopBackC_API.cpp
  PhysicsClientSharedMemory_C_API.cpp
  PhysicsClientSharedMemory2_C_API.cpp
..\..\examples\SharedMemory\PhysicsDirectC_API.cpp : fatal error C1052: program database file, 'D:\bsc-live-coding\Libraries\bullet3-2.87\bin\App_PhysicsServer_SharedMemory_VR_vs2010_debug.pdb', was generated by the linker with /DEBUG:fastlink; compiler cannot update such PDB files; please delete it or use /Fd to specify a different PDB filename
  PhysicsClientSharedMemory2.cpp
..\..\examples\SharedMemory\PhysicsClientSharedMemory_C_API.cpp : fatal error C1052: program database file, 'D:\bsc-live-coding\Libraries\bullet3-2.87\bin\App_PhysicsServer_SharedMemory_VR_vs2010_debug.pdb', was generated by the linker with /DEBUG:fastlink; compiler cannot update such PDB files; please delete it or use /Fd to specify a different PDB filename
..\..\examples\SharedMemory\PhysicsLoopBackC_API.cpp : fatal error C1052: program database file, 'D:\bsc-live-coding\Libraries\bullet3-2.87\bin\App_PhysicsServer_SharedMemory_VR_vs2010_debug.pdb', was generated by the linker with /DEBUG:fastlink; compiler cannot update such PDB files; please delete it or use /Fd to specify a different PDB filename
  SharedMemoryCommandProcessor.cpp
  PhysicsServerCommandProcessor.cpp
..\..\examples\SharedMemory\PhysicsClientSharedMemory2_C_API.cpp : fatal error C1052: program database file, 'D:\bsc-live-coding\Libraries\bullet3-2.87\bin\App_PhysicsServer_SharedMemory_VR_vs2010_debug.pdb', was generated by the linker with /DEBUG:fastlink; compiler cannot update such PDB files; please delete it or use /Fd to specify a different PDB filename
..\..\examples\SharedMemory\PhysicsClientSharedMemory2.cpp : fatal error C1052: program database file, 'D:\bsc-live-coding\Libraries\bullet3-2.87\bin\App_PhysicsServer_SharedMemory_VR_vs2010_debug.pdb', was generated by the linker with /DEBUG:fastlink; compiler cannot update such PDB files; please delete it or use /Fd to specify a different PDB filename
  b3PluginManager.cpp
  TinyRendererVisualShapeConverter.cpp
..\..\examples\SharedMemory\SharedMemoryCommandProcessor.cpp : fatal error C1052: program database file, 'D:\bsc-live-coding\Libraries\bullet3-2.87\bin\App_PhysicsServer_SharedMemory_VR_vs2010_debug.pdb', was generated by the linker with /DEBUG:fastlink; compiler cannot update such PDB files; please delete it or use /Fd to specify a different PDB filename
..\..\examples\SharedMemory\PhysicsServerCommandProcessor.cpp : fatal error C1052: program database file, 'D:\bsc-live-coding\Libraries\bullet3-2.87\bin\App_PhysicsServer_SharedMemory_VR_vs2010_debug.pdb', was generated by the linker with /DEBUG:fastlink; compiler cannot update such PDB files; please delete it or use /Fd to specify a different PDB filename
  geometry.cpp
  model.cpp
..\..\examples\SharedMemory\b3PluginManager.cpp : fatal error C1052: program database file, 'D:\bsc-live-coding\Libraries\bullet3-2.87\bin\App_PhysicsServer_SharedMemory_VR_vs2010_debug.pdb', was generated by the linker with /DEBUG:fastlink; compiler cannot update such PDB files; please delete it or use /Fd to specify a different PDB filename
..\..\examples\SharedMemory\TinyRendererVisualShapeConverter.cpp : fatal error C1052: program database file, 'D:\bsc-live-coding\Libraries\bullet3-2.87\bin\App_PhysicsServer_SharedMemory_VR_vs2010_debug.pdb', was generated by the linker with /DEBUG:fastlink; compiler cannot update such PDB files; please delete it or use /Fd to specify a different PDB filename
  tgaimage.cpp
  our_gl.cpp
..\..\examples\TinyRenderer\model.cpp : fatal error C1052: program database file, 'D:\bsc-live-coding\Libraries\bullet3-2.87\bin\App_PhysicsServer_SharedMemory_VR_vs2010_debug.pdb', was generated by the linker with /DEBUG:fastlink; compiler cannot update such PDB files; please delete it or use /Fd to specify a different PDB filename
..\..\examples\TinyRenderer\geometry.cpp : fatal error C1052: program database file, 'D:\bsc-live-coding\Libraries\bullet3-2.87\bin\App_PhysicsServer_SharedMemory_VR_vs2010_debug.pdb', was generated by the linker with /DEBUG:fastlink; compiler cannot update such PDB files; please delete it or use /Fd to specify a different PDB filename
  TinyRenderer.cpp
  SimpleCamera.cpp
..\..\examples\TinyRenderer\tgaimage.cpp : fatal error C1052: program database file, 'D:\bsc-live-coding\Libraries\bullet3-2.87\bin\App_PhysicsServer_SharedMemory_VR_vs2010_debug.pdb', was generated by the linker with /DEBUG:fastlink; compiler cannot update such PDB files; please delete it or use /Fd to specify a different PDB filename
..\..\examples\TinyRenderer\our_gl.cpp : fatal error C1052: program database file, 'D:\bsc-live-coding\Libraries\bullet3-2.87\bin\App_PhysicsServer_SharedMemory_VR_vs2010_debug.pdb', was generated by the linker with /DEBUG:fastlink; compiler cannot update such PDB files; please delete it or use /Fd to specify a different PDB filename
  MyMultiBodyCreator.cpp
  BulletUrdfImporter.cpp
..\..\examples\TinyRenderer\TinyRenderer.cpp : fatal error C1052: program database file, 'D:\bsc-live-coding\Libraries\bullet3-2.87\bin\App_PhysicsServer_SharedMemory_VR_vs2010_debug.pdb', was generated by the linker with /DEBUG:fastlink; compiler cannot update such PDB files; please delete it or use /Fd to specify a different PDB filename
..\..\examples\OpenGLWindow\SimpleCamera.cpp : fatal error C1052: program database file, 'D:\bsc-live-coding\Libraries\bullet3-2.87\bin\App_PhysicsServer_SharedMemory_VR_vs2010_debug.pdb', was generated by the linker with /DEBUG:fastlink; compiler cannot update such PDB files; please delete it or use /Fd to specify a different PDB filename
  UrdfParser.cpp
  urdfStringSplit.cpp
..\..\examples\Importers\ImportURDFDemo\MyMultiBodyCreator.cpp : fatal error C1052: program database file, 'D:\bsc-live-coding\Libraries\bullet3-2.87\bin\App_PhysicsServer_SharedMemory_VR_vs2010_debug.pdb', was generated by the linker with /DEBUG:fastlink; compiler cannot update such PDB files; please delete it or use /Fd to specify a different PDB filename
..\..\examples\Importers\ImportURDFDemo\BulletUrdfImporter.cpp : fatal error C1052: program database file, 'D:\bsc-live-coding\Libraries\bullet3-2.87\bin\App_PhysicsServer_SharedMemory_VR_vs2010_debug.pdb', was generated by the linker with /DEBUG:fastlink; compiler cannot update such PDB files; please delete it or use /Fd to specify a different PDB filename
  URDF2Bullet.cpp
  BulletMJCFImporter.cpp
..\..\examples\Importers\ImportURDFDemo\UrdfParser.cpp : fatal error C1052: program database file, 'D:\bsc-live-coding\Libraries\bullet3-2.87\bin\App_PhysicsServer_SharedMemory_VR_vs2010_debug.pdb', was generated by the linker with /DEBUG:fastlink; compiler cannot update such PDB files; please delete it or use /Fd to specify a different PDB filename
..\..\examples\Importers\ImportURDFDemo\urdfStringSplit.cpp : fatal error C1052: program database file, 'D:\bsc-live-coding\Libraries\bullet3-2.87\bin\App_PhysicsServer_SharedMemory_VR_vs2010_debug.pdb', was generated by the linker with /DEBUG:fastlink; compiler cannot update such PDB files; please delete it or use /Fd to specify a different PDB filename
  b3ResourcePath.cpp
..\..\examples\Importers\ImportURDFDemo\URDF2Bullet.cpp : fatal error C1052: program database file, 'D:\bsc-live-coding\Libraries\bullet3-2.87\bin\App_PhysicsServer_SharedMemory_VR_vs2010_debug.pdb', was generated by the linker with /DEBUG:fastlink; compiler cannot update such PDB files; please delete it or use /Fd to specify a different PDB filename
  b3Clock.cpp
  RobotLoggingUtil.cpp
..\..\examples\Importers\ImportMJCFDemo\BulletMJCFImporter.cpp : fatal error C1052: program database file, 'D:\bsc-live-coding\Libraries\bullet3-2.87\bin\App_PhysicsServer_SharedMemory_VR_vs2010_debug.pdb', was generated by the linker with /DEBUG:fastlink; compiler cannot update such PDB files; please delete it or use /Fd to specify a different PDB filename
..\..\examples\Utils\b3ResourcePath.cpp : fatal error C1052: program database file, 'D:\bsc-live-coding\Libraries\bullet3-2.87\bin\App_PhysicsServer_SharedMemory_VR_vs2010_debug.pdb', was generated by the linker with /DEBUG:fastlink; compiler cannot update such PDB files; please delete it or use /Fd to specify a different PDB filename
  ChromeTraceUtil.cpp
  btBulletWorldImporter.cpp
..\..\examples\Utils\b3Clock.cpp : fatal error C1052: program database file, 'D:\bsc-live-coding\Libraries\bullet3-2.87\bin\App_PhysicsServer_SharedMemory_VR_vs2010_debug.pdb', was generated by the linker with /DEBUG:fastlink; compiler cannot update such PDB files; please delete it or use /Fd to specify a different PDB filename
..\..\examples\Utils\RobotLoggingUtil.cpp : fatal error C1052: program database file, 'D:\bsc-live-coding\Libraries\bullet3-2.87\bin\App_PhysicsServer_SharedMemory_VR_vs2010_debug.pdb', was generated by the linker with /DEBUG:fastlink; compiler cannot update such PDB files; please delete it or use /Fd to specify a different PDB filename
  btWorldImporter.cpp
  bChunk.cpp
..\..\Extras\Serialize\BulletWorldImporter\btBulletWorldImporter.cpp : fatal error C1052: program database file, 'D:\bsc-live-coding\Libraries\bullet3-2.87\bin\App_PhysicsServer_SharedMemory_VR_vs2010_debug.pdb', was generated by the linker with /DEBUG:fastlink; compiler cannot update such PDB files; please delete it or use /Fd to specify a different PDB filename
..\..\examples\Utils\ChromeTraceUtil.cpp : fatal error C1052: program database file, 'D:\bsc-live-coding\Libraries\bullet3-2.87\bin\App_PhysicsServer_SharedMemory_VR_vs2010_debug.pdb', was generated by the linker with /DEBUG:fastlink; compiler cannot update such PDB files; please delete it or use /Fd to specify a different PDB filename
  bDNA.cpp
  bFile.cpp
..\..\Extras\Serialize\BulletWorldImporter\btWorldImporter.cpp : fatal error C1052: program database file, 'D:\bsc-live-coding\Libraries\bullet3-2.87\bin\App_PhysicsServer_SharedMemory_VR_vs2010_debug.pdb', was generated by the linker with /DEBUG:fastlink; compiler cannot update such PDB files; please delete it or use /Fd to specify a different PDB filename
  btBulletFile.cpp
..\..\Extras\Serialize\BulletFileLoader\bChunk.cpp : fatal error C1052: program database file, 'D:\bsc-live-coding\Libraries\bullet3-2.87\bin\App_PhysicsServer_SharedMemory_VR_vs2010_debug.pdb', was generated by the linker with /DEBUG:fastlink; compiler cannot update such PDB files; please delete it or use /Fd to specify a different PDB filename
  Wavefront2GLInstanceGraphicsShape.cpp
..\..\Extras\Serialize\BulletFileLoader\bDNA.cpp : fatal error C1052: program database file, 'D:\bsc-live-coding\Libraries\bullet3-2.87\bin\App_PhysicsServer_SharedMemory_VR_vs2010_debug.pdb', was generated by the linker with /DEBUG:fastlink; compiler cannot update such PDB files; please delete it or use /Fd to specify a different PDB filename
..\..\Extras\Serialize\BulletFileLoader\bFile.cpp : fatal error C1052: program database file, 'D:\bsc-live-coding\Libraries\bullet3-2.87\bin\App_PhysicsServer_SharedMemory_VR_vs2010_debug.pdb', was generated by the linker with /DEBUG:fastlink; compiler cannot update such PDB files; please delete it or use /Fd to specify a different PDB filename
  LoadMeshFromObj.cpp
  LoadMeshFromCollada.cpp
..\..\Extras\Serialize\BulletFileLoader\btBulletFile.cpp : fatal error C1052: program database file, 'D:\bsc-live-coding\Libraries\bullet3-2.87\bin\App_PhysicsServer_SharedMemory_VR_vs2010_debug.pdb', was generated by the linker with /DEBUG:fastlink; compiler cannot update such PDB files; please delete it or use /Fd to specify a different PDB filename
..\..\examples\Importers\ImportObjDemo\Wavefront2GLInstanceGraphicsShape.cpp : fatal error C1052: program database file, 'D:\bsc-live-coding\Libraries\bullet3-2.87\bin\App_PhysicsServer_SharedMemory_VR_vs2010_debug.pdb', was generated by the linker with /DEBUG:fastlink; compiler cannot update such PDB files; please delete it or use /Fd to specify a different PDB filename
..\..\examples\Importers\ImportColladaDemo\LoadMeshFromCollada.cpp : fatal error C1052: program database file, 'D:\bsc-live-coding\Libraries\bullet3-2.87\bin\App_PhysicsServer_SharedMemory_VR_vs2010_debug.pdb', was generated by the linker with /DEBUG:fastlink; compiler cannot update such PDB files; please delete it or use /Fd to specify a different PDB filename
  tiny_obj_loader.cpp
  tinystr.cpp
..\..\examples\Importers\ImportObjDemo\LoadMeshFromObj.cpp : fatal error C1052: program database file, 'D:\bsc-live-coding\Libraries\bullet3-2.87\bin\App_PhysicsServer_SharedMemory_VR_vs2010_debug.pdb', was generated by the linker with /DEBUG:fastlink; compiler cannot update such PDB files; please delete it or use /Fd to specify a different PDB filename
  tinyxml.cpp
  tinyxmlerror.cpp
..\..\examples\ThirdPartyLibs\tinyxml\tinystr.cpp : fatal error C1052: program database file, 'D:\bsc-live-coding\Libraries\bullet3-2.87\bin\App_PhysicsServer_SharedMemory_VR_vs2010_debug.pdb', was generated by the linker with /DEBUG:fastlink; compiler cannot update such PDB files; please delete it or use /Fd to specify a different PDB filename
..\..\examples\ThirdPartyLibs\Wavefront\tiny_obj_loader.cpp : fatal error C1052: program database file, 'D:\bsc-live-coding\Libraries\bullet3-2.87\bin\App_PhysicsServer_SharedMemory_VR_vs2010_debug.pdb', was generated by the linker with /DEBUG:fastlink; compiler cannot update such PDB files; please delete it or use /Fd to specify a different PDB filename
  tinyxmlparser.cpp
..\..\examples\ThirdPartyLibs\tinyxml\tinyxml.cpp : fatal error C1052: program database file, 'D:\bsc-live-coding\Libraries\bullet3-2.87\bin\App_PhysicsServer_SharedMemory_VR_vs2010_debug.pdb', was generated by the linker with /DEBUG:fastlink; compiler cannot update such PDB files; please delete it or use /Fd to specify a different PDB filename
..\..\examples\ThirdPartyLibs\tinyxml\tinyxmlerror.cpp : fatal error C1052: program database file, 'D:\bsc-live-coding\Libraries\bullet3-2.87\bin\App_PhysicsServer_SharedMemory_VR_vs2010_debug.pdb', was generated by the linker with /DEBUG:fastlink; compiler cannot update such PDB files; please delete it or use /Fd to specify a different PDB filename
  b3ImportMeshUtility.cpp
  stb_image.cpp
  hellovr_opengl_main.cpp
..\..\examples\ThirdPartyLibs\tinyxml\tinyxmlparser.cpp : fatal error C1052: program database file, 'D:\bsc-live-coding\Libraries\bullet3-2.87\bin\App_PhysicsServer_SharedMemory_VR_vs2010_debug.pdb', was generated by the linker with /DEBUG:fastlink; compiler cannot update such PDB files; please delete it or use /Fd to specify a different PDB filename
..\..\examples\Importers\ImportMeshUtility\b3ImportMeshUtility.cpp : fatal error C1052: program database file, 'D:\bsc-live-coding\Libraries\bullet3-2.87\bin\App_PhysicsServer_SharedMemory_VR_vs2010_debug.pdb', was generated by the linker with /DEBUG:fastlink; compiler cannot update such PDB files; please delete it or use /Fd to specify a different PDB filename
  OpenGLGuiHelper.cpp
..\..\examples\ThirdPartyLibs\stb_image\stb_image.cpp : fatal error C1052: program database file, 'D:\bsc-live-coding\Libraries\bullet3-2.87\bin\App_PhysicsServer_SharedMemory_VR_vs2010_debug.pdb', was generated by the linker with /DEBUG:fastlink; compiler cannot update such PDB files; please delete it or use /Fd to specify a different PDB filename
  GL_ShapeDrawer.cpp
  CollisionShape2TriangleMesh.cpp
..\..\examples\ExampleBrowser\GL_ShapeDrawer.cpp : fatal error C1052: program database file, 'D:\bsc-live-coding\Libraries\bullet3-2.87\bin\App_PhysicsServer_SharedMemory_VR_vs2010_debug.pdb', was generated by the linker with /DEBUG:fastlink; compiler cannot update such PDB files; please delete it or use /Fd to specify a different PDB filename
..\..\examples\ExampleBrowser\CollisionShape2TriangleMesh.cpp : fatal error C1052: program database file, 'D:\bsc-live-coding\Libraries\bullet3-2.87\bin\App_PhysicsServer_SharedMemory_VR_vs2010_debug.pdb', was generated by the linker with /DEBUG:fastlink; compiler cannot update such PDB files; please delete it or use /Fd to specify a different PDB filename
  TinyVRGui.cpp
..\..\examples\ExampleBrowser\OpenGLGuiHelper.cpp : fatal error C1052: program database file, 'D:\bsc-live-coding\Libraries\bullet3-2.87\bin\App_PhysicsServer_SharedMemory_VR_vs2010_debug.pdb', was generated by the linker with /DEBUG:fastlink; compiler cannot update such PDB files; please delete it or use /Fd to specify a different PDB filename
  TimeSeriesCanvas.cpp
  TimeSeriesFontData.cpp
..\..\examples\RenderingExamples\TinyVRGui.cpp : fatal error C1052: program database file, 'D:\bsc-live-coding\Libraries\bullet3-2.87\bin\App_PhysicsServer_SharedMemory_VR_vs2010_debug.pdb', was generated by the linker with /DEBUG:fastlink; compiler cannot update such PDB files; please delete it or use /Fd to specify a different PDB filename
..\..\examples\RenderingExamples\TimeSeriesCanvas.cpp : fatal error C1052: program database file, 'D:\bsc-live-coding\Libraries\bullet3-2.87\bin\App_PhysicsServer_SharedMemory_VR_vs2010_debug.pdb', was generated by the linker with /DEBUG:fastlink; compiler cannot update such PDB files; please delete it or use /Fd to specify a different PDB filename
  lodepng.cpp
  Matrices.cpp
..\..\examples\StandaloneMain\hellovr_opengl_main.cpp : fatal error C1052: program database file, 'D:\bsc-live-coding\Libraries\bullet3-2.87\bin\App_PhysicsServer_SharedMemory_VR_vs2010_debug.pdb', was generated by the linker with /DEBUG:fastlink; compiler cannot update such PDB files; please delete it or use /Fd to specify a different PDB filename
  strtools.cpp
..\..\examples\ThirdPartyLibs\openvr\samples\shared\Matrices.cpp : fatal error C1052: program database file, 'D:\bsc-live-coding\Libraries\bullet3-2.87\bin\App_PhysicsServer_SharedMemory_VR_vs2010_debug.pdb', was generated by the linker with /DEBUG:fastlink; compiler cannot update such PDB files; please delete it or use /Fd to specify a different PDB filename
  pathtools.cpp
..\..\examples\ThirdPartyLibs\openvr\samples\shared\lodepng.cpp : fatal error C1052: program database file, 'D:\bsc-live-coding\Libraries\bullet3-2.87\bin\App_PhysicsServer_SharedMemory_VR_vs2010_debug.pdb', was generated by the linker with /DEBUG:fastlink; compiler cannot update such PDB files; please delete it or use /Fd to specify a different PDB filename
  b3ThreadSupportInterface.cpp
..\..\examples\RenderingExamples\TimeSeriesFontData.cpp : fatal error C1052: program database file, 'D:\bsc-live-coding\Libraries\bullet3-2.87\bin\App_PhysicsServer_SharedMemory_VR_vs2010_debug.pdb', was generated by the linker with /DEBUG:fastlink; compiler cannot update such PDB files; please delete it or use /Fd to specify a different PDB filename
  b3Win32ThreadSupport.cpp
..\..\examples\ThirdPartyLibs\openvr\samples\shared\strtools.cpp : fatal error C1052: program database file, 'D:\bsc-live-coding\Libraries\bullet3-2.87\bin\App_PhysicsServer_SharedMemory_VR_vs2010_debug.pdb', was generated by the linker with /DEBUG:fastlink; compiler cannot update such PDB files; please delete it or use /Fd to specify a different PDB filename
..\..\examples\MultiThreading\b3ThreadSupportInterface.cpp : fatal error C1052: program database file, 'D:\bsc-live-coding\Libraries\bullet3-2.87\bin\App_PhysicsServer_SharedMemory_VR_vs2010_debug.pdb', was generated by the linker with /DEBUG:fastlink; compiler cannot update such PDB files; please delete it or use /Fd to specify a different PDB filename
..\..\examples\ThirdPartyLibs\openvr\samples\shared\pathtools.cpp : fatal error C1052: program database file, 'D:\bsc-live-coding\Libraries\bullet3-2.87\bin\App_PhysicsServer_SharedMemory_VR_vs2010_debug.pdb', was generated by the linker with /DEBUG:fastlink; compiler cannot update such PDB files; please delete it or use /Fd to specify a different PDB filename
..\..\examples\MultiThreading\b3Win32ThreadSupport.cpp : fatal error C1052: program database file, 'D:\bsc-live-coding\Libraries\bullet3-2.87\bin\App_PhysicsServer_SharedMemory_VR_vs2010_debug.pdb', was generated by the linker with /DEBUG:fastlink; compiler cannot update such PDB files; please delete it or use /Fd to specify a different PDB filename
