  main.cpp
  Texture.cpp
  Shader.cpp
  Model.cpp
d:\bsc-live-coding\comp220\comp220_examples\final\model.cpp(67): warning C4267: '=': conversion from 'size_t' to 'unsigned int', possible loss of data
d:\bsc-live-coding\comp220\comp220_examples\final\model.cpp(68): warning C4267: '=': conversion from 'size_t' to 'unsigned int', possible loss of data
  Mesh.cpp
d:\bsc-live-coding\comp220\comp220_examples\final\mesh.cpp(44): warning C4267: '=': conversion from 'size_t' to 'unsigned int', possible loss of data
d:\bsc-live-coding\comp220\comp220_examples\final\mesh.cpp(45): warning C4267: '=': conversion from 'size_t' to 'unsigned int', possible loss of data
  Generating Code...
     Creating library D:\bsc-live-coding\COMP220\COMP220_Examples\x64\Debug\Final.lib and object D:\bsc-live-coding\COMP220\COMP220_Examples\x64\Debug\Final.exp
  Final.vcxproj -> D:\bsc-live-coding\COMP220\COMP220_Examples\x64\Debug\Final.exe
  Final.vcxproj -> D:\bsc-live-coding\COMP220\COMP220_Examples\x64\Debug\Final.pdb (Partial PDB)
          1 file(s) copied.
  ..\..\..\Libraries\SDL2_image-2.0.1\lib\x64\libjpeg-9.dll
  ..\..\..\Libraries\SDL2_image-2.0.1\lib\x64\libpng16-16.dll
  ..\..\..\Libraries\SDL2_image-2.0.1\lib\x64\libtiff-5.dll
  ..\..\..\Libraries\SDL2_image-2.0.1\lib\x64\libwebp-4.dll
  ..\..\..\Libraries\SDL2_image-2.0.1\lib\x64\SDL2_image.dll
  ..\..\..\Libraries\SDL2_image-2.0.1\lib\x64\zlib1.dll
          6 file(s) copied.
          1 file(s) copied.
          1 file(s) copied.
